  Main.cpp
D:\School\2020_Fall\ParelelProg\Mini Project 2A\Mini Project 2A\Main.cpp(36,14): warning C4244: 'initializing': conversion from 'clock_t' to 'float', possible loss of data
D:\School\2020_Fall\ParelelProg\Mini Project 2A\Mini Project 2A\Main.cpp(38,12): warning C4244: 'initializing': conversion from 'clock_t' to 'float', possible loss of data
D:\School\2020_Fall\ParelelProg\Mini Project 2A\Mini Project 2A\Main.cpp(40,17): warning C4244: 'initializing': conversion from 'float' to 'int', possible loss of data
D:\School\2020_Fall\ParelelProg\Mini Project 2A\Mini Project 2A\Main.cpp(46,15): warning C4244: '=': conversion from 'clock_t' to 'float', possible loss of data
D:\School\2020_Fall\ParelelProg\Mini Project 2A\Mini Project 2A\Main.cpp(48,13): warning C4244: '=': conversion from 'clock_t' to 'float', possible loss of data
D:\School\2020_Fall\ParelelProg\Mini Project 2A\Mini Project 2A\Main.cpp(56,15): warning C4244: '=': conversion from 'clock_t' to 'float', possible loss of data
D:\School\2020_Fall\ParelelProg\Mini Project 2A\Mini Project 2A\Main.cpp(58,13): warning C4244: '=': conversion from 'clock_t' to 'float', possible loss of data
D:\School\2020_Fall\ParelelProg\Mini Project 2A\Mini Project 2A\Main.cpp(65,15): warning C4244: '=': conversion from 'clock_t' to 'float', possible loss of data
D:\School\2020_Fall\ParelelProg\Mini Project 2A\Mini Project 2A\Main.cpp(67,13): warning C4244: '=': conversion from 'clock_t' to 'float', possible loss of data
D:\School\2020_Fall\ParelelProg\Mini Project 2A\Mini Project 2A\Main.cpp(78,15): warning C4244: '=': conversion from 'clock_t' to 'float', possible loss of data
D:\School\2020_Fall\ParelelProg\Mini Project 2A\Mini Project 2A\Main.cpp(80,13): warning C4244: '=': conversion from 'clock_t' to 'float', possible loss of data
D:\School\2020_Fall\ParelelProg\Mini Project 2A\Mini Project 2A\Main.cpp(82,19): warning C4244: '=': conversion from 'float' to 'int', possible loss of data
D:\School\2020_Fall\ParelelProg\Mini Project 2A\Mini Project 2A\Main.cpp(88,15): warning C4244: '=': conversion from 'clock_t' to 'float', possible loss of data
D:\School\2020_Fall\ParelelProg\Mini Project 2A\Mini Project 2A\Main.cpp(90,13): warning C4244: '=': conversion from 'clock_t' to 'float', possible loss of data
D:\School\2020_Fall\ParelelProg\Mini Project 2A\Mini Project 2A\Main.cpp(97,15): warning C4244: '=': conversion from 'clock_t' to 'float', possible loss of data
D:\School\2020_Fall\ParelelProg\Mini Project 2A\Mini Project 2A\Main.cpp(99,13): warning C4244: '=': conversion from 'clock_t' to 'float', possible loss of data
D:\School\2020_Fall\ParelelProg\Mini Project 2A\Mini Project 2A\Main.cpp(106,15): warning C4244: '=': conversion from 'clock_t' to 'float', possible loss of data
D:\School\2020_Fall\ParelelProg\Mini Project 2A\Mini Project 2A\Main.cpp(108,13): warning C4244: '=': conversion from 'clock_t' to 'float', possible loss of data
D:\School\2020_Fall\ParelelProg\Mini Project 2A\Mini Project 2A\Main.cpp(194): warning C4715: 'PI::computingPiByCollectiveMPI': not all control paths return a value
D:\School\2020_Fall\ParelelProg\Mini Project 2A\Mini Project 2A\Main.cpp(156): warning C4715: 'PI::computingPiByPTP': not all control paths return a value
D:\School\2020_Fall\ParelelProg\Mini Project 2A\Mini Project 2A\Main.cpp(180): warning C4715: 'PI::computingPiByPTPLinear': not all control paths return a value
  Mini Project 2A.vcxproj -> D:\School\2020_Fall\ParelelProg\Mini Project 2A\x64\Debug\Mini Project 2A.exe
